<?xml version="1.0" encoding="UTF-8"?>
<!-- Generated by org.testng.reporters.JUnitReportReporter -->
<testsuite hostname="DarshanaBirari" failures="0" tests="1" name="Basic.LaunchWithTestNg" time="25.264" errors="0" timestamp="2024-11-06T15:42:28 IST" skipped="0">
  <testcase classname="Basic.LaunchWithTestNg" name="main" time="25.264"/>
</testsuite> <!-- Basic.LaunchWithTestNg -->
