<?xml version="1.0" encoding="UTF-8"?>
<!-- Generated by org.testng.reporters.JUnitReportReporter -->
<testsuite hostname="DarshanaBirari" failures="0" tests="3" name="Basic.ConfigurutionAnnotation" time="0.026" errors="0" timestamp="2024-11-09T15:28:56 IST" skipped="0">
  <testcase classname="Basic.ConfigurutionAnnotation" name="testScript2" time="0.005"/>
  <testcase classname="Basic.ConfigurutionAnnotation" name="TestScript1" time="0.015"/>
  <testcase classname="Basic.ConfigurutionAnnotation" name="testScript3" time="0.006"/>
</testsuite> <!-- Basic.ConfigurutionAnnotation -->
