<?xml version="1.0" encoding="UTF-8"?>
<!-- Generated by org.testng.reporters.JUnitReportReporter -->
<testsuite hostname="DarshanaBirari" failures="0" tests="1" name="Assertions.hardAssert" time="21.101" errors="0" timestamp="2024-11-15T16:29:33 IST" skipped="0">
  <testcase classname="Assertions.hardAssert" name="main" time="21.101"/>
</testsuite> <!-- Assertions.hardAssert -->
