<?xml version="1.0" encoding="UTF-8"?>
<!-- Generated by org.testng.reporters.JUnitReportReporter -->
<testsuite hostname="DarshanaBirari" failures="0" tests="3" name="HelperMethods.MultipleTestAnnotation" time="35.864" errors="0" timestamp="2024-11-16T21:05:59 IST" skipped="0">
  <testcase classname="HelperMethods.MultipleTestAnnotation" name="csk" time="25.822"/>
  <testcase classname="HelperMethods.MultipleTestAnnotation" name="dc" time="6.549"/>
  <testcase classname="HelperMethods.MultipleTestAnnotation" name="rcb" time="3.493"/>
</testsuite> <!-- HelperMethods.MultipleTestAnnotation -->
