<?xml version="1.0" encoding="UTF-8"?>
<!-- Generated by org.testng.reporters.JUnitReportReporter -->
<testsuite hostname="DarshanaBirari" failures="0" tests="1" name="Basic.NormalMethodWithTestNG" time="25.138" errors="0" timestamp="2024-11-06T16:37:00 IST" skipped="0">
  <testcase classname="Basic.NormalMethodWithTestNG" name="main" time="25.138"/>
</testsuite> <!-- Basic.NormalMethodWithTestNG -->
