<?xml version="1.0" encoding="UTF-8"?>
<!-- Generated by org.testng.reporters.JUnitReportReporter -->
<testsuite hostname="DarshanaBirari" failures="0" tests="1" name="ExtentReport.BasicReport" time="16.816" errors="0" timestamp="2024-11-25T15:34:59 IST" skipped="0">
  <testcase classname="ExtentReport.BasicReport" name="report" time="16.816"/>
</testsuite> <!-- ExtentReport.BasicReport -->
