<?xml version="1.0" encoding="UTF-8"?>
<!-- Generated by org.testng.reporters.JUnitReportReporter -->
<testsuite hostname="DarshanaBirari" failures="0" tests="1" name="TestNg2.Addidas" time="4.358" errors="0" timestamp="2024-11-14T17:26:52 IST" skipped="0">
  <testcase classname="TestNg2.Addidas" name="addidas" time="4.358"/>
</testsuite> <!-- TestNg2.Addidas -->
