<?xml version="1.0" encoding="UTF-8"?>
<!-- Generated by org.testng.reporters.JUnitReportReporter -->
<testsuite hostname="DarshanaBirari" failures="0" tests="1" name="PageObjectModel.register" time="11.969" errors="0" timestamp="2024-11-22T15:28:34 IST" skipped="0">
  <testcase classname="PageObjectModel.register" name="register" time="11.969"/>
</testsuite> <!-- PageObjectModel.register -->
