<?xml version="1.0" encoding="UTF-8"?>
<!-- Generated by org.testng.reporters.JUnitReportReporter -->
<testsuite hostname="DarshanaBirari" failures="0" tests="1" name="TestNgAssignment.TestScriptTwo" time="37.917" errors="0" timestamp="2024-11-12T22:13:26 IST" skipped="0">
  <testcase classname="TestNgAssignment.TestScriptTwo" name="testScriotTwo" time="37.917"/>
</testsuite> <!-- TestNgAssignment.TestScriptTwo -->
