<?xml version="1.0" encoding="UTF-8"?>
<!-- Generated by org.testng.reporters.JUnitReportReporter -->
<testsuite hostname="DarshanaBirari" failures="0" tests="2" name="TestNg.DataProviderAnnotaion" time="42.223" errors="0" timestamp="2024-11-15T15:21:30 IST" skipped="0">
  <testcase classname="TestNg.DataProviderAnnotaion" name="receiver" time="18.269"/>
  <testcase classname="TestNg.DataProviderAnnotaion" name="receiver" time="23.954"/>
</testsuite> <!-- TestNg.DataProviderAnnotaion -->
