<?xml version="1.0" encoding="UTF-8"?>
<!-- Generated by org.testng.reporters.JUnitReportReporter -->
<testsuite hostname="DarshanaBirari" failures="0" tests="2" name="TestNg.TestScriptOne" time="18.431" errors="0" timestamp="2024-11-11T11:35:14 IST" skipped="0">
  <testcase classname="TestNg.TestScriptOne" name="testScript2" time="5.304"/>
  <testcase classname="TestNg.TestScriptOne" name="testScript1" time="13.127"/>
</testsuite> <!-- TestNg.TestScriptOne -->
