<?xml version="1.0" encoding="UTF-8"?>
<!-- Generated by org.testng.reporters.JUnitReportReporter -->
<testsuite hostname="DarshanaBirari" failures="0" tests="1" name="TestNgAssignment.TestScriptOne" time="14.035" errors="0" timestamp="2024-11-12T22:09:32 IST" skipped="0">
  <testcase classname="TestNgAssignment.TestScriptOne" name="testScriptone" time="14.035"/>
</testsuite> <!-- TestNgAssignment.TestScriptOne -->
