<?xml version="1.0" encoding="UTF-8"?>
<!-- Generated by org.testng.reporters.JUnitReportReporter -->
<testsuite hostname="DarshanaBirari" failures="0" tests="1" name="TestNg2.Puma" time="60.870" errors="0" timestamp="2024-11-14T16:25:35 IST" skipped="0">
  <testcase classname="TestNg2.Puma" name="puma" time="60.870"/>
</testsuite> <!-- TestNg2.Puma -->
