<?xml version="1.0" encoding="UTF-8"?>
<!-- Generated by org.testng.reporters.JUnitReportReporter -->
<testsuite hostname="DarshanaBirari" failures="0" tests="1" name="TestNG1.Honda" time="22.775" errors="0" timestamp="2024-11-14T17:26:52 IST" skipped="0">
  <testcase classname="TestNG1.Honda" name="honda" time="22.775"/>
</testsuite> <!-- TestNG1.Honda -->
