<?xml version="1.0" encoding="UTF-8"?>
<!-- Generated by org.testng.reporters.JUnitReportReporter -->
<testsuite hostname="DarshanaBirari" failures="0" tests="1" name="PageObjectModel.login" time="14.080" errors="0" timestamp="2024-11-21T22:17:39 IST" skipped="0">
  <testcase classname="PageObjectModel.login" name="main" time="14.080"/>
</testsuite> <!-- PageObjectModel.login -->
